Using pre-set license
<<<<<<< Updated upstream
Built from '2020.3/staging' branch; Version is '2020.3.4f1 (0abb6314276a) revision 703331'; Using compiler version '192528614'; Build Type 'Release'
=======
Built from '2020.3/staging' branch; Version is '2020.3.17f1 (a4537701e4ab) revision 10769271'; Using compiler version '192528614'; Build Type 'Release'
>>>>>>> Stashed changes
OS: 'Windows 10 Home; OS build 19042.1526; Version 2009; 64bit' Language: 'ko' Physical Memory: 16228 MB
BatchMode: 1, IsHumanControllingUs: 0, StartBugReporterOnCrash: 0, Is64bit: 1, IsPro: 0

COMMAND LINE ARGUMENTS:
C:\Program Files\Unity\Hub\Editor\2020.3.17f1\Editor\Unity.exe
-adb2
-batchMode
-noUpm
-name
AssetImportWorker0
-projectPath
C:/Users/민경운/Documents/GitHub/FadeOut/NightPlanet3D-unity/NightPlanet3D-unity
-logFile
Logs/AssetImportWorker0.log
-srvPort
<<<<<<< Updated upstream
49314
Successfully changed project path to: C:/Users/민경운/Documents/GitHub/FadeOut/NightPlanet3D-unity/NightPlanet3D-unity
C:/Users/민경운/Documents/GitHub/FadeOut/NightPlanet3D-unity/NightPlanet3D-unity
Using Asset Import Pipeline V2.
Refreshing native plugins compatible for Editor in 153.49 ms, found 0 plugins.
Preloading 0 native plugins for Editor in 0.00 ms.
Initialize engine version: 2020.3.4f1 (0abb6314276a)
[Subsystems] Discovering subsystems at path C:/Program Files/Unity/Hub/Editor/2020.3.4f1/Editor/Data/Resources/UnitySubsystems
=======
65248
Successfully changed project path to: C:/Users/민경운/Documents/GitHub/FadeOut/NightPlanet3D-unity/NightPlanet3D-unity
C:/Users/민경운/Documents/GitHub/FadeOut/NightPlanet3D-unity/NightPlanet3D-unity
Using Asset Import Pipeline V2.
Refreshing native plugins compatible for Editor in 31.88 ms, found 2 plugins.
Preloading 0 native plugins for Editor in 0.00 ms.
Initialize engine version: 2020.3.17f1 (a4537701e4ab)
[Subsystems] Discovering subsystems at path C:/Program Files/Unity/Hub/Editor/2020.3.17f1/Editor/Data/Resources/UnitySubsystems
>>>>>>> Stashed changes
[Subsystems] Discovering subsystems at path C:/Users/민경운/Documents/GitHub/FadeOut/NightPlanet3D-unity/NightPlanet3D-unity/Assets
GfxDevice: creating device client; threaded=0
Direct3D:
    Version:  Direct3D 11.0 [level 11.1]
    Renderer: NVIDIA GeForce GTX 1650 with Max-Q Design (ID=0x1f91)
    Vendor:   
    VRAM:     3962 MB
    Driver:   30.0.14.7111
Initialize mono
<<<<<<< Updated upstream
Mono path[0] = 'C:/Program Files/Unity/Hub/Editor/2020.3.4f1/Editor/Data/Managed'
Mono path[1] = 'C:/Program Files/Unity/Hub/Editor/2020.3.4f1/Editor/Data/MonoBleedingEdge/lib/mono/unityjit'
Mono config path = 'C:/Program Files/Unity/Hub/Editor/2020.3.4f1/Editor/Data/MonoBleedingEdge/etc'
Using monoOptions --debugger-agent=transport=dt_socket,embedding=1,server=y,suspend=n,address=127.0.0.1:56920
Begin MonoManager ReloadAssembly
Registering precompiled unity dll's ...
Register platform support module: C:/Program Files/Unity/Hub/Editor/2020.3.4f1/Editor/Data/PlaybackEngines/WindowsStandaloneSupport/UnityEditor.WindowsStandalone.Extensions.dll
Registered in 0.001945 seconds.
Native extension for WindowsStandalone target not found
Refreshing native plugins compatible for Editor in 166.83 ms, found 0 plugins.
Preloading 0 native plugins for Editor in 0.00 ms.
Mono: successfully reloaded assembly
- Completed reload, in  1.189 seconds
Platform modules already initialized, skipping
Registering precompiled user dll's ...
Registered in 0.002179 seconds.
Begin MonoManager ReloadAssembly
Symbol file data-000001C276015030 doesn't match image C:\Users\민경운\Documents\GitHub\FadeOut\NightPlanet3D-unity\NightPlanet3D-unity\Library\ScriptAssemblies\Unity.VSCode.Editor.dll
Symbol file LoadedFromMemory is not a mono symbol file
Symbol file data-000001C275BC3010 doesn't match image C:\Users\민경운\Documents\GitHub\FadeOut\NightPlanet3D-unity\NightPlanet3D-unity\Library\ScriptAssemblies\Unity.TextMeshPro.Editor.dll
Symbol file LoadedFromMemory is not a mono symbol file
Symbol file data-000001C275E6B020 doesn't match image C:\Users\민경운\Documents\GitHub\FadeOut\NightPlanet3D-unity\NightPlanet3D-unity\Library\ScriptAssemblies\Unity.VisualStudio.Editor.dll
Symbol file LoadedFromMemory is not a mono symbol file
Symbol file data-000001C2761A9030 doesn't match image C:\Users\민경운\Documents\GitHub\FadeOut\NightPlanet3D-unity\NightPlanet3D-unity\Library\ScriptAssemblies\UnityEngine.TestRunner.dll
Symbol file LoadedFromMemory is not a mono symbol file
Symbol file data-000001C27A677020 doesn't match image C:\Users\민경운\Documents\GitHub\FadeOut\NightPlanet3D-unity\NightPlanet3D-unity\Library\ScriptAssemblies\Unity.Timeline.Editor.dll
Symbol file LoadedFromMemory is not a mono symbol file
Symbol file data-000001C27A380E90 doesn't match image C:\Users\민경운\Documents\GitHub\FadeOut\NightPlanet3D-unity\NightPlanet3D-unity\Library\ScriptAssemblies\Unity.Timeline.dll
Symbol file LoadedFromMemory is not a mono symbol file
Symbol file data-000001C27BBF0020 doesn't match image C:\Users\민경운\Documents\GitHub\FadeOut\NightPlanet3D-unity\NightPlanet3D-unity\Library\ScriptAssemblies\Unity.TextMeshPro.dll
Symbol file LoadedFromMemory is not a mono symbol file
Symbol file data-000001C2761A9030 doesn't match image C:\Users\민경운\Documents\GitHub\FadeOut\NightPlanet3D-unity\NightPlanet3D-unity\Library\ScriptAssemblies\Unity.CollabProxy.Editor.dll
Symbol file LoadedFromMemory is not a mono symbol file
Symbol file data-000001C27A380E90 doesn't match image C:\Users\민경운\Documents\GitHub\FadeOut\NightPlanet3D-unity\NightPlanet3D-unity\Library\ScriptAssemblies\UnityEditor.TestRunner.dll
Symbol file LoadedFromMemory is not a mono symbol file
Symbol file data-000001C275E6B020 doesn't match image C:\Users\민경운\Documents\GitHub\FadeOut\NightPlanet3D-unity\NightPlanet3D-unity\Library\ScriptAssemblies\UnityEditor.UI.dll
Symbol file LoadedFromMemory is not a mono symbol file
Symbol file data-000001C275BD6420 doesn't match image C:\Users\민경운\Documents\GitHub\FadeOut\NightPlanet3D-unity\NightPlanet3D-unity\Library\ScriptAssemblies\Unity.Rider.Editor.dll
Symbol file LoadedFromMemory is not a mono symbol file
Symbol file data-000001C27A981A30 doesn't match image C:\Users\민경운\Documents\GitHub\FadeOut\NightPlanet3D-unity\NightPlanet3D-unity\Library\ScriptAssemblies\UnityEngine.UI.dll
Symbol file LoadedFromMemory is not a mono symbol file
Native extension for WindowsStandalone target not found
Refreshing native plugins compatible for Editor in 1.61 ms, found 0 plugins.
Preloading 0 native plugins for Editor in 0.00 ms.
Mono: successfully reloaded assembly
- Completed reload, in  0.788 seconds
Platform modules already initialized, skipping
========================================================================
Worker process is ready to serve import requests
Launched and connected shader compiler UnityShaderCompiler.exe after 0.04 seconds
Refreshing native plugins compatible for Editor in 1.74 ms, found 0 plugins.
Preloading 0 native plugins for Editor in 0.00 ms.
Unloading 1174 Unused Serialized files (Serialized files now loaded: 0)
System memory in use before: 71.7 MB.
System memory in use after: 71.7 MB.

Unloading 10 unused Assets to reduce memory usage. Loaded Objects now: 1618.
Total: 1.886600 ms (FindLiveObjects: 0.227700 ms CreateObjectMapping: 0.060900 ms MarkObjects: 1.486600 ms  DeleteObjects: 0.110400 ms)
=======
Mono path[0] = 'C:/Program Files/Unity/Hub/Editor/2020.3.17f1/Editor/Data/Managed'
Mono path[1] = 'C:/Program Files/Unity/Hub/Editor/2020.3.17f1/Editor/Data/MonoBleedingEdge/lib/mono/unityjit'
Mono config path = 'C:/Program Files/Unity/Hub/Editor/2020.3.17f1/Editor/Data/MonoBleedingEdge/etc'
Using monoOptions --debugger-agent=transport=dt_socket,embedding=1,server=y,suspend=n,address=127.0.0.1:56200
Begin MonoManager ReloadAssembly
Registering precompiled unity dll's ...
Register platform support module: C:/Program Files/Unity/Hub/Editor/2020.3.17f1/Editor/Data/PlaybackEngines/WindowsStandaloneSupport/UnityEditor.WindowsStandalone.Extensions.dll
Registered in 0.001965 seconds.
Native extension for WindowsStandalone target not found
Refreshing native plugins compatible for Editor in 30.63 ms, found 2 plugins.
Preloading 0 native plugins for Editor in 0.00 ms.
Mono: successfully reloaded assembly
- Completed reload, in  1.849 seconds
Domain Reload Profiling:
	ReloadAssembly (1849ms)
		BeginReloadAssembly (56ms)
			ExecutionOrderSort (0ms)
			DisableScriptedObjects (0ms)
			BackupInstance (0ms)
			ReleaseScriptingObjects (0ms)
			CreateAndSetChildDomain (1ms)
		EndReloadAssembly (418ms)
			LoadAssemblies (53ms)
			RebuildTransferFunctionScriptingTraits (0ms)
			SetupTypeCache (159ms)
			ReleaseScriptCaches (0ms)
			RebuildScriptCaches (32ms)
			SetupLoadedEditorAssemblies (154ms)
				LogAssemblyErrors (0ms)
				InitializePlatformSupportModulesInManaged (4ms)
				SetLoadedEditorAssemblies (0ms)
				RefreshPlugins (31ms)
				BeforeProcessingInitializeOnLoad (17ms)
				ProcessInitializeOnLoadAttributes (76ms)
				ProcessInitializeOnLoadMethodAttributes (27ms)
				AfterProcessingInitializeOnLoad (0ms)
				EditorAssembliesLoaded (0ms)
			ExecutionOrderSort2 (0ms)
			AwakeInstancesAfterBackupRestoration (0ms)
Platform modules already initialized, skipping
Registering precompiled user dll's ...
Registered in 0.007594 seconds.
Begin MonoManager ReloadAssembly
Native extension for WindowsStandalone target not found
Refreshing native plugins compatible for Editor in 0.28 ms, found 2 plugins.
Preloading 0 native plugins for Editor in 0.00 ms.
Mono: successfully reloaded assembly
- Completed reload, in  1.117 seconds
Domain Reload Profiling:
	ReloadAssembly (1117ms)
		BeginReloadAssembly (154ms)
			ExecutionOrderSort (0ms)
			DisableScriptedObjects (9ms)
			BackupInstance (0ms)
			ReleaseScriptingObjects (0ms)
			CreateAndSetChildDomain (19ms)
		EndReloadAssembly (901ms)
			LoadAssemblies (88ms)
			RebuildTransferFunctionScriptingTraits (0ms)
			SetupTypeCache (284ms)
			ReleaseScriptCaches (1ms)
			RebuildScriptCaches (41ms)
			SetupLoadedEditorAssemblies (382ms)
				LogAssemblyErrors (0ms)
				InitializePlatformSupportModulesInManaged (4ms)
				SetLoadedEditorAssemblies (0ms)
				RefreshPlugins (0ms)
				BeforeProcessingInitializeOnLoad (79ms)
				ProcessInitializeOnLoadAttributes (283ms)
				ProcessInitializeOnLoadMethodAttributes (5ms)
				AfterProcessingInitializeOnLoad (8ms)
				EditorAssembliesLoaded (0ms)
			ExecutionOrderSort2 (0ms)
			AwakeInstancesAfterBackupRestoration (7ms)
Platform modules already initialized, skipping
========================================================================
Worker process is ready to serve import requests
Launched and connected shader compiler UnityShaderCompiler.exe after 0.07 seconds
Refreshing native plugins compatible for Editor in 0.27 ms, found 2 plugins.
Preloading 0 native plugins for Editor in 0.00 ms.
Unloading 1397 Unused Serialized files (Serialized files now loaded: 0)
System memory in use before: 65.3 MB.
System memory in use after: 65.4 MB.

Unloading 18 unused Assets to reduce memory usage. Loaded Objects now: 1830.
Total: 3.905500 ms (FindLiveObjects: 0.207100 ms CreateObjectMapping: 0.077600 ms MarkObjects: 3.533100 ms  DeleteObjects: 0.085400 ms)
>>>>>>> Stashed changes

AssetImportParameters requested are different than current active one (requested -> active):
  custom:framework-win-MediaFoundation: 216162199b28c13a410421893ffa2e32 -> 
  custom:video-decoder-ogg-theora: a1e56fd34408186e4bbccfd4996cb3dc -> 
  custom:container-muxer-webm: aa71ff27fc2769a1b78a27578f13a17b -> 
  custom:container-demuxer-webm: 4f35f7cbe854078d1ac9338744f61a02 -> 
  custom:container-demuxer-ogg: 62fdf1f143b41e24485cea50d1cbac27 -> 
  custom:video-encoder-webm-vp8: eb34c28f22e8b96e1ab97ce403110664 -> 
  custom:video-decoder-webm-vp8: 9c59270c3fd7afecdb556c50c9e8de78 -> 
  custom:audio-decoder-ogg-vorbis: bf7c407c2cedff20999df2af8eb42d56 -> 
  custom:audio-encoder-webm-vorbis: bf7c407c2cedff20999df2af8eb42d56 -> 
========================================================================
Received Import Request.
<<<<<<< Updated upstream
  path: Assets/Resources/Prefabs/Character_70sFemale_01.prefab
  artifactKey: Guid(d73e549e33d28d64d836b644e9153314) Importer(815301076,1909f56bfc062723c751e8b465ee728b)
Start importing Assets/Resources/Prefabs/Character_70sFemale_01.prefab using Guid(d73e549e33d28d64d836b644e9153314) Importer(815301076,1909f56bfc062723c751e8b465ee728b)  -> (artifact id: '20b542cbc934fbe0d787d1cfe31438a2') in 0.217415 seconds
  Import took 0.222476 seconds .

========================================================================
Received Import Request.
  Time since last request: 220.877134 seconds.
  path: Assets/Resources/MarketAssets/PolygonApocalypse/Prefabs/Characters/SM_Chr_Teen_Male_01.prefab
  artifactKey: Guid(beecc60259940fb4883c123adc4e992f) Importer(815301076,1909f56bfc062723c751e8b465ee728b)
Start importing Assets/Resources/MarketAssets/PolygonApocalypse/Prefabs/Characters/SM_Chr_Teen_Male_01.prefab using Guid(beecc60259940fb4883c123adc4e992f) Importer(815301076,1909f56bfc062723c751e8b465ee728b)  -> (artifact id: 'd18d018beda43364ca0bacac876cf968') in 0.091675 seconds
  Import took 0.099645 seconds .

========================================================================
Received Import Request.
  Time since last request: 12.222848 seconds.
  path: Assets/Resources/MarketAssets/PolygonApocalypse/Prefabs/Characters/SM_Chr_Teen_Female_01.prefab
  artifactKey: Guid(da9cdc9076b584147bdf535245f9454e) Importer(815301076,1909f56bfc062723c751e8b465ee728b)
Start importing Assets/Resources/MarketAssets/PolygonApocalypse/Prefabs/Characters/SM_Chr_Teen_Female_01.prefab using Guid(da9cdc9076b584147bdf535245f9454e) Importer(815301076,1909f56bfc062723c751e8b465ee728b)  -> (artifact id: '8f33e96e00daf7534cf02b38d964b330') in 0.084621 seconds
  Import took 0.091967 seconds .

========================================================================
Received Import Request.
  Time since last request: 1371.829074 seconds.
  path: Assets/Scenes/MarketAssetsScenes/PolygonDungeon/Overview.unity
  artifactKey: Guid(af9a4cb92e9f73243b46e64789af715a) Importer(815301076,1909f56bfc062723c751e8b465ee728b)
Start importing Assets/Scenes/MarketAssetsScenes/PolygonDungeon/Overview.unity using Guid(af9a4cb92e9f73243b46e64789af715a) Importer(815301076,1909f56bfc062723c751e8b465ee728b)  -> (artifact id: '6165e3b7bc8de7fe967958af60cf9b16') in 0.010079 seconds
  Import took 0.014282 seconds .

========================================================================
Received Import Request.
  Time since last request: 0.000635 seconds.
  path: Assets/Scenes/MarketAssetsScenes/PolygonDungeon/Overview.unity
  artifactKey: Guid(af9a4cb92e9f73243b46e64789af715a) Importer(815301076,1909f56bfc062723c751e8b465ee728b)
Start importing Assets/Scenes/MarketAssetsScenes/PolygonDungeon/Overview.unity using Guid(af9a4cb92e9f73243b46e64789af715a) Importer(815301076,1909f56bfc062723c751e8b465ee728b)  -> (artifact id: '6165e3b7bc8de7fe967958af60cf9b16') in 0.003973 seconds
  Import took 0.006971 seconds .

========================================================================
Received Import Request.
  Time since last request: 15.468343 seconds.
  path: Assets/Scenes/_PrivateTestScenes/KW_Min.unity
  artifactKey: Guid(68edfe18afa1094449d9aec5256668ed) Importer(815301076,1909f56bfc062723c751e8b465ee728b)
Start importing Assets/Scenes/_PrivateTestScenes/KW_Min.unity using Guid(68edfe18afa1094449d9aec5256668ed) Importer(815301076,1909f56bfc062723c751e8b465ee728b)  -> (artifact id: '322ef231a4f82006eeb05e34e973417c') in 0.010349 seconds
  Import took 0.013308 seconds .
=======
  path: Assets/01.Scenes/SampleScene.unity
  artifactKey: Guid(9fc0d4010bbf28b4594072e72b8655ab) Importer(815301076,1909f56bfc062723c751e8b465ee728b)
Start importing Assets/01.Scenes/SampleScene.unity using Guid(9fc0d4010bbf28b4594072e72b8655ab) Importer(815301076,1909f56bfc062723c751e8b465ee728b)  -> (artifact id: 'b7222e7d7b5e811e9b8d4cab73a4763a') in 0.025309 seconds 
  Import took 0.028719 seconds .
>>>>>>> Stashed changes

AssetImportWorkerClient::OnTransportError - code=2 error=End of file
